[4:56:39 PM] [LOG] [Network] WebSocket server is listening on port 443
[4:56:39 PM] [LOG] [Content] Loading base content-pack
[4:56:39 PM] [LOG] [Content] Loaded 10 entities
[4:56:39 PM] [ERROR] [CommandSystem] Invalid command from path: C:\Users\HP\Desktop\nostarve-server-master\nostarve-server-master\compiled\command\commands\building\clean-building.js
[4:56:39 PM] [WARN] [TICKER] TPS: 4.149377593360996 | DELTA: 0.241
[4:56:44 PM] [LOG] [SaveSystem] Loaded 0 players & 328 buildings & 0 crates
[4:56:49 PM] [LOG] [Network] Connected with 0.0.0.1 ip
[4:56:53 PM] [WARN] [TICKER] TPS: 0.4214075010535187 | DELTA: 2.373
[4:57:03 PM] [WARN] [TICKER] TPS: 8.19672131147541 | DELTA: 0.122
[4:57:35 PM] [WARN] [TICKER] TPS: 9.090909090909092 | DELTA: 0.11
[4:58:11 PM] [LOG] [Command] restarver#1 issued command: cia
[4:58:14 PM] [LOG] [Command] restarver#1 issued command: gs 1e9
[5:01:54 PM] [LOG] [Network] Connected with 0.0.0.1 ip
[5:02:57 PM] [LOG] [Command] restarver#2 issued command: cia
[5:03:01 PM] [LOG] [Command] restarver#2 issued command: gs 1e9
[5:03:01 PM] [WARN] [TICKER] TPS: 8.474576271186441 | DELTA: 0.118
[5:03:03 PM] [LOG] [Command] restarver#2 issued command: gs 1e9
[5:03:10 PM] [LOG] [Command] restarver#2 issued command: gs 1e10
[5:03:14 PM] [LOG] [Command] restarver#2 issued command: gs 1e100
[5:04:18 PM] [LOG] Player restarver#1|1 died by restarver#2|2 with reason 3
[5:04:18 PM] [LOG] [Network] Disconnected with 0.0.0.1 ip 1005 [object ArrayBuffer]
[5:04:39 PM] [WARN] [TICKER] TPS: 7.2992700729927 | DELTA: 0.137
[5:06:39 PM] [LOG] [SaveSystem] Saving 592 entities
[5:06:53 PM] [LOG] [Command] restarver#2 issued command: tp 1 15 15
[5:07:01 PM] [LOG] [Command] restarver#2 issued command: tp 0 15 15
[5:07:03 PM] [LOG] [Command] restarver#2 issued command: id
[5:07:07 PM] [LOG] [Command] restarver#2 issued command: tp 2 15 15
[5:07:09 PM] [LOG] [Command] restarver#2 issued command: tp 2 21 16
[5:07:09 PM] [LOG] [Command] restarver#2 issued command: tp 2 24 16
[5:07:09 PM] [LOG] [Command] restarver#2 issued command: tp 2 30 17
[5:07:10 PM] [LOG] [Command] restarver#2 issued command: tp 2 34 17
[5:07:10 PM] [LOG] [Command] restarver#2 issued command: tp 2 36 20
[5:07:11 PM] [LOG] [Command] restarver#2 issued command: tp 2 35 23
[5:07:11 PM] [LOG] [Command] restarver#2 issued command: tp 2 33 26
[5:07:11 PM] [LOG] [Command] restarver#2 issued command: tp 2 34 29
[5:07:12 PM] [LOG] [Command] restarver#2 issued command: tp 2 38 32
[5:07:12 PM] [LOG] [Command] restarver#2 issued command: tp 2 34 36
[5:07:12 PM] [LOG] [Command] restarver#2 issued command: tp 2 32 39
[5:07:13 PM] [LOG] [Command] restarver#2 issued command: tp 2 29 41
[5:07:13 PM] [LOG] [Command] restarver#2 issued command: tp 2 24 42
[5:07:13 PM] [LOG] [Command] restarver#2 issued command: tp 2 19 42
[5:07:13 PM] [LOG] [Command] restarver#2 issued command: tp 2 15 42
[5:07:14 PM] [LOG] [Command] restarver#2 issued command: tp 2 10 42
[5:07:14 PM] [LOG] [Command] restarver#2 issued command: tp 2 6 41
[5:07:14 PM] [LOG] [Command] restarver#2 issued command: tp 2 9 39
[5:07:18 PM] [LOG] [Command] restarver#2 issued command: tp 2 9 36
[5:07:18 PM] [LOG] [Command] restarver#2 issued command: tp 2 10 32
[5:07:18 PM] [LOG] [Command] restarver#2 issued command: tp 2 10 29
[5:07:19 PM] [LOG] [Command] restarver#2 issued command: tp 2 10 26
[5:07:19 PM] [LOG] [Command] restarver#2 issued command: tp 2 10 22
[5:07:19 PM] [LOG] [Command] restarver#2 issued command: tp 2 10 19
[5:07:19 PM] [LOG] [Command] restarver#2 issued command: tp 2 10 15
[5:07:19 PM] [LOG] [Command] restarver#2 issued command: tp 2 10 12
[5:07:20 PM] [LOG] [Command] restarver#2 issued command: tp 2 10 8
[5:07:20 PM] [LOG] [Command] restarver#2 issued command: tp 2 10 5
[5:07:20 PM] [LOG] [Command] restarver#2 issued command: tp 2 10 2
[5:07:20 PM] [LOG] [Command] restarver#2 issued command: tp 2 15 2
[5:07:20 PM] [LOG] [Command] restarver#2 issued command: tp 2 20 3
[5:07:21 PM] [LOG] [Command] restarver#2 issued command: tp 2 25 4
[5:07:21 PM] [LOG] [Command] restarver#2 issued command: tp 2 30 5
[5:07:21 PM] [LOG] [Command] restarver#2 issued command: tp 2 34 5
[5:07:22 PM] [LOG] [Command] restarver#2 issued command: tp 2 38 7
[5:16:39 PM] [LOG] [SaveSystem] Saving 592 entities
[5:25:05 PM] [LOG] [Command] restarver#2 issued command: tp 2 33 7
[5:25:06 PM] [LOG] [Command] restarver#2 issued command: tp 2 28 8
[5:25:06 PM] [LOG] [Command] restarver#2 issued command: tp 2 25 10
[5:25:06 PM] [LOG] [Command] restarver#2 issued command: tp 2 23 11
[5:25:06 PM] [LOG] [Command] restarver#2 issued command: tp 2 21 13
[5:25:07 PM] [LOG] [Command] restarver#2 issued command: tp 2 18 15
[5:25:07 PM] [LOG] [Command] restarver#2 issued command: tp 2 15 17
[5:25:07 PM] [LOG] [Command] restarver#2 issued command: tp 2 12 19
[5:25:07 PM] [LOG] [Command] restarver#2 issued command: tp 2 9 21
[5:25:07 PM] [LOG] [Command] restarver#2 issued command: tp 2 7 23
[5:25:08 PM] [LOG] [Command] restarver#2 issued command: tp 2 10 26
[5:25:08 PM] [LOG] [Command] restarver#2 issued command: tp 2 11 28
[5:25:08 PM] [LOG] [Command] restarver#2 issued command: tp 2 12 30
[5:25:08 PM] [LOG] [Command] restarver#2 issued command: tp 2 14 32
[5:25:09 PM] [LOG] [Command] restarver#2 issued command: tp 2 17 34
[5:25:09 PM] [LOG] [Command] restarver#2 issued command: tp 2 19 35
[5:25:09 PM] [LOG] [Command] restarver#2 issued command: tp 2 22 37
[5:25:09 PM] [LOG] [Command] restarver#2 issued command: tp 2 25 38
[5:25:09 PM] [LOG] [Command] restarver#2 issued command: tp 2 28 40
[5:25:10 PM] [LOG] [Command] restarver#2 issued command: tp 2 30 41
[5:25:10 PM] [LOG] [Command] restarver#2 issued command: tp 2 33 42
[5:25:10 PM] [LOG] [Command] restarver#2 issued command: tp 2 36 43
[5:25:10 PM] [LOG] [Command] restarver#2 issued command: tp 2 39 43
[5:25:10 PM] [LOG] [Command] restarver#2 issued command: tp 2 42 43
[5:25:11 PM] [LOG] [Command] restarver#2 issued command: tp 2 45 43
[5:25:11 PM] [LOG] [Command] restarver#2 issued command: tp 2 48 43
[5:25:11 PM] [LOG] [Command] restarver#2 issued command: tp 2 51 43
[5:25:12 PM] [WARN] [TICKER] TPS: 8.474576271186441 | DELTA: 0.118
[5:25:15 PM] [WARN] [TICKER] TPS: 9.174311926605505 | DELTA: 0.109
[5:25:23 PM] [WARN] [TICKER] TPS: 5.555555555555555 | DELTA: 0.18
[5:25:33 PM] [LOG] [Command] restarver#2 issued command: tp 2 46 45
[5:25:33 PM] [LOG] [Command] restarver#2 issued command: tp 2 45 45
[5:25:34 PM] [LOG] [Command] restarver#2 issued command: tp 2 39 46
[5:25:34 PM] [LOG] [Command] restarver#2 issued command: tp 2 34 46
[5:25:34 PM] [LOG] [Command] restarver#2 issued command: tp 2 29 46
[5:25:35 PM] [LOG] [Command] restarver#2 issued command: tp 2 24 45
[5:25:35 PM] [WARN] [TICKER] TPS: 7.4074074074074066 | DELTA: 0.135
[5:25:37 PM] [LOG] [CHAT] <restarver#2|2>: EZ
[5:25:39 PM] [LOG] [CHAT] <restarver#2|2>: me pro
[5:25:39 PM] [WARN] [TICKER] TPS: 9.803921568627452 | DELTA: 0.102
[5:25:44 PM] [WARN] [TICKER] TPS: 6.944444444444445 | DELTA: 0.144
[5:25:58 PM] [WARN] [TICKER] TPS: 9.25925925925926 | DELTA: 0.108
[5:26:00 PM] [LOG] [Network] Disconnected with 0.0.0.1 ip 1001 [object ArrayBuffer]
[5:26:02 PM] [WARN] [TICKER] TPS: 9.433962264150944 | DELTA: 0.106
[5:26:04 PM] [WARN] [TICKER] TPS: 6.993006993006993 | DELTA: 0.143
[5:26:10 PM] [LOG] [Network] Connected with 0.0.0.1 ip
[5:26:17 PM] [LOG] [Command] restarver#2 issued command: tp 2 28 44
[5:26:17 PM] [LOG] [Command] restarver#2 issued command: tp 2 32 43
[5:26:18 PM] [LOG] [Command] restarver#2 issued command: tp 2 36 40
[5:26:18 PM] [LOG] [Command] restarver#2 issued command: tp 2 36 37
[5:26:19 PM] [LOG] [Command] restarver#2 issued command: tp 2 34 34
[5:26:19 PM] [LOG] [Command] restarver#2 issued command: tp 2 29 32
[5:26:19 PM] [LOG] [Command] restarver#2 issued command: tp 2 22 30
[5:26:20 PM] [LOG] [Command] restarver#2 issued command: tp 2 17 27
[5:26:20 PM] [LOG] [Command] restarver#2 issued command: tp 2 15 24
[5:26:21 PM] [LOG] [Command] restarver#2 issued command: tp 2 14 21
[5:26:38 PM] [WARN] [TICKER] TPS: 5.813953488372094 | DELTA: 0.172
[5:26:38 PM] [WARN] [TICKER] TPS: 9.523809523809524 | DELTA: 0.105
[5:26:39 PM] [LOG] [SaveSystem] Saving 592 entities
[5:26:40 PM] [WARN] [TICKER] TPS: 5.988023952095808 | DELTA: 0.167
[5:27:55 PM] [LOG] [Command] restarver#2 issued command: cia
[5:28:00 PM] [LOG] [Command] restarver#2 issued command: kill 2
[5:28:00 PM] [LOG] [Network] Disconnected with 0.0.0.1 ip 1005 [object ArrayBuffer]
[5:28:04 PM] [WARN] [TICKER] TPS: 7.874015748031496 | DELTA: 0.127
[5:28:05 PM] [LOG] [Network] Connected with 0.0.0.1 ip
[5:28:06 PM] [WARN] [TICKER] TPS: 9.900990099009901 | DELTA: 0.101
[5:28:16 PM] [WARN] [TICKER] TPS: 9.345794392523365 | DELTA: 0.107
[5:28:19 PM] [LOG] [Command] restarver#1 issued command: cia
[5:28:21 PM] [LOG] [Command] restarver#1 issued command: gs 1e9
[5:28:28 PM] [WARN] [TICKER] TPS: 3.5087719298245617 | DELTA: 0.285
[5:28:52 PM] [WARN] [TICKER] TPS: 7.042253521126761 | DELTA: 0.142
[5:29:09 PM] [WARN] [TICKER] TPS: 8.695652173913043 | DELTA: 0.115
[5:29:10 PM] [WARN] [TICKER] TPS: 7.518796992481203 | DELTA: 0.133
[5:31:19 PM] [LOG] [Command] restarver#1 issued command: tp 1 20 24
[5:31:19 PM] [LOG] [Command] restarver#1 issued command: tp 1 25 23
[5:31:19 PM] [LOG] [Command] restarver#1 issued command: tp 1 30 22
[5:31:19 PM] [LOG] [Command] restarver#1 issued command: tp 1 34 22
[5:31:19 PM] [LOG] [Command] restarver#1 issued command: tp 1 38 22
[5:31:20 PM] [LOG] [Command] restarver#1 issued command: tp 1 43 22
[5:31:20 PM] [LOG] [Command] restarver#1 issued command: tp 1 47 22
[5:31:20 PM] [LOG] [Command] restarver#1 issued command: tp 1 51 22
[5:31:20 PM] [WARN] [TICKER] TPS: 7.874015748031496 | DELTA: 0.127
[5:31:20 PM] [LOG] [Command] restarver#1 issued command: tp 1 55 22
[5:31:20 PM] [LOG] [Command] restarver#1 issued command: tp 1 57 22
[5:31:20 PM] [LOG] [Command] restarver#1 issued command: tp 1 60 22
[5:31:21 PM] [LOG] [Command] restarver#1 issued command: tp 1 64 22
[5:31:21 PM] [LOG] [Command] restarver#1 issued command: tp 1 71 22
[5:31:21 PM] [LOG] [Command] restarver#1 issued command: tp 1 73 22
[5:31:22 PM] [LOG] [Command] restarver#1 issued command: tp 1 76 22
[5:31:22 PM] [LOG] [Command] restarver#1 issued command: tp 1 78 22
[5:31:22 PM] [LOG] [Command] restarver#1 issued command: tp 1 79 22
[5:31:26 PM] [LOG] [Command] restarver#1 issued command: tp 1 70 24
[5:31:27 PM] [LOG] [Command] restarver#1 issued command: tp 1 69 25
[5:31:27 PM] [LOG] [Command] restarver#1 issued command: tp 1 69 26
[5:31:27 PM] [LOG] [Command] restarver#1 issued command: tp 1 46 27
[5:31:27 PM] [LOG] [Command] restarver#1 issued command: tp 1 37 28
[5:31:27 PM] [LOG] [Command] restarver#1 issued command: tp 1 36 30
[5:31:33 PM] [WARN] [TICKER] TPS: 5.208333333333333 | DELTA: 0.192
[5:31:33 PM] [WARN] [TICKER] TPS: 2.8328611898017 | DELTA: 0.353
[5:31:45 PM] [WARN] [TICKER] TPS: 4.219409282700422 | DELTA: 0.237
[5:31:52 PM] [WARN] [TICKER] TPS: 5.1020408163265305 | DELTA: 0.196
[5:31:58 PM] [WARN] [TICKER] TPS: 8.333333333333334 | DELTA: 0.12
[5:32:16 PM] [WARN] [TICKER] TPS: 9.803921568627452 | DELTA: 0.102
[5:32:16 PM] [WARN] [TICKER] TPS: 7.042253521126761 | DELTA: 0.142
[5:32:16 PM] [WARN] [TICKER] TPS: 7.692307692307692 | DELTA: 0.13
[5:32:17 PM] [WARN] [TICKER] TPS: 4.761904761904762 | DELTA: 0.21
[5:32:17 PM] [WARN] [TICKER] TPS: 4.8076923076923075 | DELTA: 0.208
[5:32:19 PM] [WARN] [TICKER] TPS: 5.376344086021505 | DELTA: 0.186
[5:32:28 PM] [WARN] [TICKER] TPS: 5.405405405405405 | DELTA: 0.185
[5:32:30 PM] [WARN] [TICKER] TPS: 5.208333333333333 | DELTA: 0.192
[5:32:39 PM] [WARN] [TICKER] TPS: 5.952380952380952 | DELTA: 0.168
[5:32:40 PM] [WARN] [TICKER] TPS: 9.25925925925926 | DELTA: 0.108
[5:32:43 PM] [WARN] [TICKER] TPS: 5.4945054945054945 | DELTA: 0.182
[5:32:47 PM] [WARN] [TICKER] TPS: 6.578947368421053 | DELTA: 0.152
[5:32:56 PM] [WARN] [TICKER] TPS: 7.092198581560284 | DELTA: 0.141
[5:32:57 PM] [WARN] [TICKER] TPS: 8.130081300813009 | DELTA: 0.123
[5:32:58 PM] [WARN] [TICKER] TPS: 6.4935064935064934 | DELTA: 0.154
[5:33:08 PM] [WARN] [TICKER] TPS: 9.708737864077671 | DELTA: 0.103
[5:33:16 PM] [WARN] [TICKER] TPS: 7.692307692307692 | DELTA: 0.13
[5:33:17 PM] [WARN] [TICKER] TPS: 9.900990099009901 | DELTA: 0.101
[5:33:17 PM] [WARN] [TICKER] TPS: 3.6101083032490973 | DELTA: 0.277
[5:33:17 PM] [WARN] [TICKER] TPS: 9.345794392523365 | DELTA: 0.107
[5:34:59 PM] [LOG] [Command] restarver#1 issued command: kill 1
[5:34:59 PM] [LOG] [Network] Disconnected with 0.0.0.1 ip 1005 [object ArrayBuffer]
[5:35:17 PM] [LOG] [Network] Connected with 0.0.0.1 ip
[5:35:27 PM] [LOG] [Network] Disconnected with 0.0.0.1 ip 1006 [object ArrayBuffer]
[5:35:51 PM] [WARN] [TICKER] TPS: 4.8543689320388355 | DELTA: 0.206
[5:36:00 PM] [WARN] [TICKER] TPS: 6.4935064935064934 | DELTA: 0.154
[5:36:19 PM] [WARN] [TICKER] TPS: 4.444444444444445 | DELTA: 0.225
[5:36:33 PM] [WARN] [TICKER] TPS: 5.2356020942408374 | DELTA: 0.191
[5:36:40 PM] [LOG] [SaveSystem] Saving 592 entities
[5:36:43 PM] [WARN] [TICKER] TPS: 6.329113924050633 | DELTA: 0.158
[5:36:50 PM] [LOG] [Network] Connected with 0.0.0.1 ip
[5:37:00 PM] [LOG] [Network] Disconnected with 0.0.0.1 ip 1006 [object ArrayBuffer]
[5:37:03 PM] [LOG] [Network] Connected with 0.0.0.1 ip
[5:37:25 PM] [LOG] [Command] restarver#1 issued command: cia
[5:37:28 PM] [WARN] [TICKER] TPS: 9.090909090909092 | DELTA: 0.11
[5:37:45 PM] [LOG] [Command] restarver#1 issued command: gs 10e9
[5:38:04 PM] [LOG] [DROP] restarver#1|1 x1 CHEST
[5:38:04 PM] [WARN] [TICKER] TPS: 6.172839506172839 | DELTA: 0.162
[5:38:16 PM] [WARN] [TICKER] TPS: 9.00900900900901 | DELTA: 0.111
[5:38:17 PM] [WARN] [TICKER] TPS: 8.771929824561402 | DELTA: 0.114
[5:44:25 PM] [WARN] [TICKER] TPS: 5.952380952380952 | DELTA: 0.168
[5:45:45 PM] [WARN] [TICKER] TPS: 8.474576271186441 | DELTA: 0.118
[5:46:38 PM] [WARN] [TICKER] TPS: 9.708737864077671 | DELTA: 0.103
[5:46:40 PM] [LOG] [SaveSystem] Saving 592 entities
[5:52:11 PM] [LOG] [Command] restarver#1 issued command: tp 1 26 7
[5:52:11 PM] [LOG] [Command] restarver#1 issued command: tp 1 26 10
[5:52:11 PM] [LOG] [Command] restarver#1 issued command: tp 1 26 12
[5:52:12 PM] [LOG] [Command] restarver#1 issued command: tp 1 26 13
[5:52:12 PM] [LOG] [Command] restarver#1 issued command: tp 1 26 15
[5:52:12 PM] [LOG] [Command] restarver#1 issued command: tp 1 26 16
[5:52:12 PM] [LOG] [Command] restarver#1 issued command: tp 1 26 18
[5:52:13 PM] [LOG] [Command] restarver#1 issued command: tp 1 26 20
[5:52:18 PM] [WARN] [TICKER] TPS: 6.666666666666667 | DELTA: 0.15
[5:55:17 PM] [LOG] [Command] restarver#1 issued command: tp 1 17 34
[5:55:18 PM] [LOG] [Command] restarver#1 issued command: tp 1 16 37
[5:55:18 PM] [LOG] [Command] restarver#1 issued command: tp 1 15 39
[5:55:18 PM] [LOG] [Command] restarver#1 issued command: tp 1 14 42
[5:55:18 PM] [LOG] [Command] restarver#1 issued command: tp 1 13 44
[5:55:18 PM] [LOG] [Command] restarver#1 issued command: tp 1 12 46
[5:55:19 PM] [LOG] [Command] restarver#1 issued command: tp 1 11 48
[5:55:19 PM] [LOG] [Command] restarver#1 issued command: tp 1 10 51
[5:55:19 PM] [LOG] [Command] restarver#1 issued command: tp 1 9 53
[5:55:19 PM] [LOG] [Command] restarver#1 issued command: tp 1 8 55
[5:55:20 PM] [LOG] [Command] restarver#1 issued command: tp 1 8 57
[5:55:20 PM] [LOG] [Command] restarver#1 issued command: tp 1 8 58
[5:55:20 PM] [LOG] [Command] restarver#1 issued command: tp 1 6 55
[5:55:21 PM] [LOG] [Command] restarver#1 issued command: tp 1 6 52
[5:55:21 PM] [LOG] [Command] restarver#1 issued command: tp 1 4 52
[5:55:22 PM] [LOG] [Command] restarver#1 issued command: tp 1 4 52
[5:55:22 PM] [WARN] [TICKER] TPS: 6.4935064935064934 | DELTA: 0.154
[5:55:22 PM] [LOG] [Command] restarver#1 issued command: tp 1 5 51
[5:55:23 PM] [LOG] [Command] restarver#1 issued command: tp 1 5 50
[5:55:23 PM] [LOG] [Command] restarver#1 issued command: tp 1 4 50
[5:55:24 PM] [LOG] [Command] restarver#1 issued command: tp 1 4 49
[5:55:25 PM] [LOG] [Command] restarver#1 issued command: tp 1 4 48
[5:55:25 PM] [LOG] [Command] restarver#1 issued command: tp 1 4 47
[5:55:25 PM] [LOG] [Command] restarver#1 issued command: tp 1 4 47
[5:55:26 PM] [LOG] [Command] restarver#1 issued command: tp 1 4 46
[5:55:26 PM] [LOG] [Command] restarver#1 issued command: tp 1 4 46
[5:55:26 PM] [LOG] [Command] restarver#1 issued command: tp 1 4 45
[5:55:26 PM] [LOG] [Command] restarver#1 issued command: tp 1 4 45
[5:55:26 PM] [LOG] [Command] restarver#1 issued command: tp 1 4 44
[5:55:27 PM] [LOG] [Command] restarver#1 issued command: tp 1 5 44
[5:55:27 PM] [LOG] [Command] restarver#1 issued command: tp 1 5 43
[5:55:27 PM] [LOG] [Command] restarver#1 issued command: tp 1 5 43
[5:55:27 PM] [LOG] [Command] restarver#1 issued command: tp 1 6 42
[5:55:27 PM] [LOG] [Command] restarver#1 issued command: tp 1 6 42
[5:55:28 PM] [LOG] [Command] restarver#1 issued command: tp 1 7 42
[5:55:28 PM] [LOG] [Command] restarver#1 issued command: tp 1 7 42
[5:55:28 PM] [LOG] [Command] restarver#1 issued command: tp 1 8 42
[5:55:28 PM] [LOG] [Command] restarver#1 issued command: tp 1 8 42
[5:55:29 PM] [LOG] [Command] restarver#1 issued command: tp 1 9 41
[5:55:29 PM] [LOG] [Command] restarver#1 issued command: tp 1 9 41
[5:55:29 PM] [LOG] [Command] restarver#1 issued command: tp 1 9 40
[5:55:29 PM] [LOG] [Command] restarver#1 issued command: tp 1 9 40
[5:55:30 PM] [LOG] [Command] restarver#1 issued command: tp 1 9 39
[5:55:30 PM] [LOG] [Command] restarver#1 issued command: tp 1 9 39
[5:55:30 PM] [LOG] [Command] restarver#1 issued command: tp 1 10 39
[5:55:30 PM] [LOG] [Command] restarver#1 issued command: tp 1 10 39
[5:55:30 PM] [LOG] [Command] restarver#1 issued command: tp 1 11 39
[5:55:31 PM] [LOG] [Command] restarver#1 issued command: tp 1 13 39
[5:55:31 PM] [LOG] [Command] restarver#1 issued command: tp 1 15 38
[5:55:31 PM] [LOG] [Command] restarver#1 issued command: tp 1 16 37
[5:55:31 PM] [LOG] [Command] restarver#1 issued command: tp 1 16 37
[5:55:32 PM] [LOG] [Command] restarver#1 issued command: tp 1 18 36
[5:55:32 PM] [LOG] [Command] restarver#1 issued command: tp 1 21 35
[5:55:32 PM] [LOG] [Command] restarver#1 issued command: tp 1 25 34
[5:55:32 PM] [LOG] [Command] restarver#1 issued command: tp 1 29 34
[5:55:33 PM] [LOG] [Command] restarver#1 issued command: tp 1 32 33
[5:55:33 PM] [LOG] [Command] restarver#1 issued command: tp 1 42 33
[5:55:34 PM] [LOG] [Command] restarver#1 issued command: tp 1 52 31
[5:55:34 PM] [LOG] [Command] restarver#1 issued command: tp 1 59 30
[5:55:34 PM] [LOG] [Command] restarver#1 issued command: tp 1 66 28
[5:55:34 PM] [LOG] [Command] restarver#1 issued command: tp 1 73 27
[5:55:34 PM] [LOG] [Command] restarver#1 issued command: tp 1 79 25
[5:55:35 PM] [LOG] [Command] restarver#1 issued command: tp 1 81 24
[5:55:35 PM] [LOG] [Command] restarver#1 issued command: tp 1 81 22
[5:55:36 PM] [LOG] [Command] restarver#1 issued command: tp 1 81 20
[5:55:36 PM] [LOG] [Command] restarver#1 issued command: tp 1 80 21
[5:55:37 PM] [LOG] [Command] restarver#1 issued command: tp 1 79 21
[5:55:38 PM] [LOG] [Command] restarver#1 issued command: tp 1 67 21
[5:56:03 PM] [LOG] [Command] restarver#1 issued command: tp 1 63 24
[5:56:03 PM] [LOG] [Command] restarver#1 issued command: tp 1 58 27
[5:56:04 PM] [LOG] [Command] restarver#1 issued command: tp 1 52 29
[5:56:04 PM] [LOG] [Command] restarver#1 issued command: tp 1 45 30
[5:56:05 PM] [LOG] [Command] restarver#1 issued command: tp 1 38 30
[5:56:06 PM] [LOG] [Command] restarver#1 issued command: tp 1 31 30
[5:56:06 PM] [LOG] [Command] restarver#1 issued command: tp 1 24 30
[5:56:07 PM] [LOG] [Command] restarver#1 issued command: tp 1 24 29
[5:56:07 PM] [LOG] [Command] restarver#1 issued command: tp 1 25 28
[5:56:08 PM] [LOG] [Command] restarver#1 issued command: tp 1 25 28
[5:56:08 PM] [LOG] [Command] restarver#1 issued command: tp 1 25 27
[5:56:08 PM] [LOG] [Command] restarver#1 issued command: tp 1 25 26
[5:56:08 PM] [LOG] [Command] restarver#1 issued command: tp 1 25 26
[5:56:09 PM] [LOG] [Command] restarver#1 issued command: tp 1 25 25
[5:56:09 PM] [LOG] [Command] restarver#1 issued command: tp 1 25 25
[5:56:18 PM] [LOG] [Command] restarver#1 issued command: tp 1 25 25
[5:56:22 PM] [LOG] [Command] restarver#1 issued command: tp 1 25 25
[5:56:40 PM] [LOG] [SaveSystem] Saving 592 entities
[6:01:48 PM] [LOG] [Command] restarver#1 issued command: tp 1 27 25
[6:01:52 PM] [LOG] [Command] restarver#1 issued command: tp 1 23 25
[6:01:55 PM] [LOG] [Command] restarver#1 issued command: tp 1 25 25
[6:01:57 PM] [LOG] [Command] restarver#1 issued command: tp 1 27 25
[6:02:00 PM] [LOG] [Command] restarver#1 issued command: tp 1 25 25
[6:02:01 PM] [LOG] [Command] restarver#1 issued command: tp 1 23 25
[6:02:04 PM] [LOG] [Command] restarver#1 issued command: tp 1 25 25
[6:02:05 PM] [LOG] [Command] restarver#1 issued command: tp 1 27 25
[6:02:05 PM] [LOG] [Command] restarver#1 issued command: tp 1 27 25
[6:02:08 PM] [LOG] [Command] restarver#1 issued command: tp 1 25 25
[6:02:08 PM] [LOG] [Command] restarver#1 issued command: tp 1 25 25
[6:02:08 PM] [LOG] [Command] restarver#1 issued command: tp 1 25 25
[6:02:08 PM] [LOG] [Command] restarver#1 issued command: tp 1 24 25
[6:02:08 PM] [LOG] [Command] restarver#1 issued command: tp 1 24 25
[6:02:09 PM] [LOG] [Command] restarver#1 issued command: tp 1 23 25
[6:02:09 PM] [LOG] [Command] restarver#1 issued command: tp 1 23 25
[6:02:10 PM] [LOG] [Command] restarver#1 issued command: tp 1 21 25
[6:02:10 PM] [LOG] [Command] restarver#1 issued command: tp 1 20 25
[6:02:11 PM] [LOG] [Command] restarver#1 issued command: tp 1 19 25
[6:02:11 PM] [LOG] [Command] restarver#1 issued command: tp 1 18 25
[6:02:11 PM] [LOG] [Command] restarver#1 issued command: tp 1 17 25
[6:02:11 PM] [LOG] [Command] restarver#1 issued command: tp 1 17 25
[6:02:11 PM] [LOG] [Command] restarver#1 issued command: tp 1 16 25
[6:02:12 PM] [LOG] [Command] restarver#1 issued command: tp 1 16 25
[6:02:12 PM] [LOG] [Command] restarver#1 issued command: tp 1 15 25
[6:02:12 PM] [LOG] [Command] restarver#1 issued command: tp 1 15 25
[6:02:12 PM] [LOG] [Command] restarver#1 issued command: tp 1 14 25
[6:02:13 PM] [LOG] [Command] restarver#1 issued command: tp 1 13 25
[6:02:13 PM] [LOG] [Command] restarver#1 issued command: tp 1 12 25
[6:02:13 PM] [LOG] [Command] restarver#1 issued command: tp 1 11 25
[6:02:13 PM] [LOG] [Command] restarver#1 issued command: tp 1 10 25
[6:02:14 PM] [LOG] [Command] restarver#1 issued command: tp 1 10 25
[6:02:14 PM] [LOG] [Command] restarver#1 issued command: tp 1 9 25
[6:02:14 PM] [LOG] [Command] restarver#1 issued command: tp 1 9 25
[6:02:14 PM] [LOG] [Command] restarver#1 issued command: tp 1 8 25
[6:02:14 PM] [LOG] [Command] restarver#1 issued command: tp 1 8 25
[6:02:15 PM] [LOG] [Command] restarver#1 issued command: tp 1 8 25
[6:02:15 PM] [LOG] [Command] restarver#1 issued command: tp 1 8 25
[6:02:15 PM] [LOG] [Command] restarver#1 issued command: tp 1 8 25
[6:02:15 PM] [LOG] [Command] restarver#1 issued command: tp 1 8 25
[6:02:15 PM] [LOG] [Command] restarver#1 issued command: tp 1 8 25
[6:02:16 PM] [LOG] [Command] restarver#1 issued command: tp 1 8 25
[6:02:16 PM] [LOG] [Command] restarver#1 issued command: tp 1 9 25
[6:02:17 PM] [LOG] [Command] restarver#1 issued command: tp 1 9 25
[6:02:17 PM] [LOG] [Command] restarver#1 issued command: tp 1 9 25
[6:02:17 PM] [LOG] [Command] restarver#1 issued command: tp 1 10 25
[6:02:17 PM] [LOG] [Command] restarver#1 issued command: tp 1 10 25
[6:02:18 PM] [LOG] [Command] restarver#1 issued command: tp 1 11 25
[6:02:18 PM] [LOG] [Command] restarver#1 issued command: tp 1 11 25
[6:02:18 PM] [LOG] [Command] restarver#1 issued command: tp 1 11 25
[6:02:18 PM] [LOG] [Command] restarver#1 issued command: tp 1 12 25
[6:02:18 PM] [LOG] [Command] restarver#1 issued command: tp 1 12 25
[6:02:19 PM] [LOG] [Command] restarver#1 issued command: tp 1 12 25
[6:02:19 PM] [LOG] [Command] restarver#1 issued command: tp 1 13 25
[6:02:20 PM] [LOG] [Command] restarver#1 issued command: tp 1 14 25
[6:02:21 PM] [LOG] [Command] restarver#1 issued command: tp 1 14 25
[6:02:21 PM] [LOG] [Command] restarver#1 issued command: tp 1 14 25
[6:02:21 PM] [LOG] [Command] restarver#1 issued command: tp 1 15 25
[6:02:21 PM] [LOG] [Command] restarver#1 issued command: tp 1 15 25
[6:02:22 PM] [LOG] [Command] restarver#1 issued command: tp 1 16 25
[6:02:22 PM] [LOG] [Command] restarver#1 issued command: tp 1 17 25
[6:02:22 PM] [LOG] [Command] restarver#1 issued command: tp 1 17 25
[6:02:22 PM] [LOG] [Command] restarver#1 issued command: tp 1 18 25
[6:02:22 PM] [LOG] [Command] restarver#1 issued command: tp 1 18 25
[6:02:23 PM] [LOG] [Command] restarver#1 issued command: tp 1 19 25
[6:02:23 PM] [LOG] [Command] restarver#1 issued command: tp 1 19 25
[6:02:23 PM] [LOG] [Command] restarver#1 issued command: tp 1 20 25
[6:02:23 PM] [LOG] [Command] restarver#1 issued command: tp 1 20 25
[6:02:23 PM] [LOG] [Command] restarver#1 issued command: tp 1 21 25
[6:02:24 PM] [LOG] [Command] restarver#1 issued command: tp 1 21 25
[6:02:24 PM] [LOG] [Command] restarver#1 issued command: tp 1 22 25
[6:02:24 PM] [LOG] [Command] restarver#1 issued command: tp 1 22 25
[6:02:24 PM] [LOG] [Command] restarver#1 issued command: tp 1 23 25
[6:02:24 PM] [LOG] [Command] restarver#1 issued command: tp 1 23 25
[6:02:26 PM] [LOG] [Command] restarver#1 issued command: tp 1 27 25
[6:02:26 PM] [LOG] [Command] restarver#1 issued command: tp 1 28 25
[6:02:27 PM] [LOG] [Command] restarver#1 issued command: tp 1 30 25
[6:02:27 PM] [LOG] [Command] restarver#1 issued command: tp 1 31 25
[6:02:27 PM] [LOG] [Command] restarver#1 issued command: tp 1 32 25
[6:03:40 PM] [WARN] [TICKER] TPS: 9.803921568627452 | DELTA: 0.102
[6:06:41 PM] [LOG] [SaveSystem] Saving 592 entities
[6:14:06 PM] [LOG] [Command] restarver#1 issued command: tp 1 28 25
[6:14:07 PM] [LOG] [Command] restarver#1 issued command: tp 1 41 25
[6:14:15 PM] [WARN] [TICKER] TPS: 9.433962264150944 | DELTA: 0.106
[6:14:16 PM] [WARN] [TICKER] TPS: 6.666666666666667 | DELTA: 0.15
[6:16:41 PM] [LOG] [SaveSystem] Saving 592 entities
[6:20:41 PM] [WARN] [TICKER] TPS: 7.751937984496124 | DELTA: 0.129
[6:26:41 PM] [LOG] [SaveSystem] Saving 592 entities
[6:26:53 PM] [WARN] [TICKER] TPS: 7.633587786259541 | DELTA: 0.131
[6:35:31 PM] [WARN] [TICKER] TPS: 9.615384615384615 | DELTA: 0.104
[6:35:38 PM] [WARN] [TICKER] TPS: 9.00900900900901 | DELTA: 0.111
[6:35:39 PM] [WARN] [TICKER] TPS: 8.19672131147541 | DELTA: 0.122
[6:35:41 PM] [WARN] [TICKER] TPS: 9.174311926605505 | DELTA: 0.109
[6:36:41 PM] [LOG] [SaveSystem] Saving 592 entities
[6:46:42 PM] [LOG] [SaveSystem] Saving 592 entities
[6:49:41 PM] [WARN] [TICKER] TPS: 9.708737864077671 | DELTA: 0.103
[6:55:41 PM] [WARN] [TICKER] TPS: 9.900990099009901 | DELTA: 0.101
[6:56:42 PM] [LOG] [SaveSystem] Saving 592 entities
[7:06:42 PM] [LOG] [SaveSystem] Saving 592 entities
[7:16:42 PM] [LOG] [SaveSystem] Saving 592 entities
