[3:44:53 PM] [LOG] [Network] WebSocket server is listening on port 443
[3:44:54 PM] [LOG] [Content] Loading base content-pack
[3:44:54 PM] [LOG] [Content] Loaded 10 entities
[3:44:54 PM] [ERROR] [CommandSystem] Invalid command from path: C:\Users\HP\Desktop\nostarve-server-master\nostarve-server-master\compiled\command\commands\building\clean-building.js
[3:44:54 PM] [WARN] [TICKER] TPS: 5.181347150259067 | DELTA: 0.193
[3:44:56 PM] [LOG] [Discord] Ready!
[3:44:59 PM] [LOG] [SaveSystem] Loaded 0 players & 328 buildings & 0 crates
[3:45:08 PM] [WARN] [TICKER] TPS: 0.5299417064122947 | DELTA: 1.887
[3:51:18 PM] [WARN] [TICKER] TPS: 9.090909090909092 | DELTA: 0.11
[3:53:50 PM] [WARN] [TICKER] TPS: 6.4935064935064934 | DELTA: 0.154
[3:53:50 PM] [WARN] [TICKER] TPS: 4.291845493562231 | DELTA: 0.233
[3:53:52 PM] [WARN] [TICKER] TPS: 7.042253521126761 | DELTA: 0.142
[3:53:52 PM] [WARN] [TICKER] TPS: 8 | DELTA: 0.125
[3:53:52 PM] [WARN] [TICKER] TPS: 7.518796992481203 | DELTA: 0.133
[3:53:52 PM] [WARN] [TICKER] TPS: 5.555555555555555 | DELTA: 0.18
[3:53:53 PM] [WARN] [TICKER] TPS: 3.3112582781456954 | DELTA: 0.302
[3:53:53 PM] [WARN] [TICKER] TPS: 5.025125628140703 | DELTA: 0.199
[3:53:54 PM] [WARN] [TICKER] TPS: 2.8490028490028494 | DELTA: 0.351
[3:53:56 PM] [WARN] [TICKER] TPS: 9.25925925925926 | DELTA: 0.108
[3:54:06 PM] [WARN] [TICKER] TPS: 6.5359477124183005 | DELTA: 0.153
[3:54:10 PM] [WARN] [TICKER] TPS: 7.936507936507937 | DELTA: 0.126
[3:54:11 PM] [WARN] [TICKER] TPS: 8.849557522123893 | DELTA: 0.113
[3:54:11 PM] [WARN] [TICKER] TPS: 7.194244604316546 | DELTA: 0.139
[3:54:11 PM] [WARN] [TICKER] TPS: 9.900990099009901 | DELTA: 0.101
[3:54:12 PM] [WARN] [TICKER] TPS: 9.345794392523365 | DELTA: 0.107
[3:54:14 PM] [WARN] [TICKER] TPS: 9.803921568627452 | DELTA: 0.102
[3:54:15 PM] [WARN] [TICKER] TPS: 7.692307692307692 | DELTA: 0.13
[3:54:18 PM] [WARN] [TICKER] TPS: 4.149377593360996 | DELTA: 0.241
[3:54:54 PM] [LOG] [SaveSystem] Saving 586 entities
[3:55:18 PM] [WARN] [TICKER] TPS: 6.8965517241379315 | DELTA: 0.145
[3:55:26 PM] [WARN] [TICKER] TPS: 9.00900900900901 | DELTA: 0.111
[3:56:54 PM] [WARN] [TICKER] TPS: 9.523809523809524 | DELTA: 0.105
[3:57:39 PM] [WARN] [TICKER] TPS: 9.433962264150944 | DELTA: 0.106
[3:57:42 PM] [LOG] [Network] Connected with 0.0.0.1 ip
[3:58:33 PM] [WARN] [TICKER] TPS: 9.433962264150944 | DELTA: 0.106
[3:58:42 PM] [WARN] [TICKER] TPS: 5.988023952095808 | DELTA: 0.167
[3:58:42 PM] [LOG] [Command] restarver#1 issued command: gs 4000
[3:58:47 PM] [LOG] [Command] restarver#1 issued command: cia
[3:58:51 PM] [LOG] [Command] restarver#1 issued command: gs 5e6
[3:58:56 PM] [LOG] [Command] restarver#1 issued command: gs 5e9
[3:59:35 PM] [WARN] [TICKER] TPS: 4.201680672268908 | DELTA: 0.238
[3:59:36 PM] [WARN] [TICKER] TPS: 6.024096385542168 | DELTA: 0.166
[3:59:36 PM] [WARN] [TICKER] TPS: 7.194244604316546 | DELTA: 0.139
[4:04:19 PM] [WARN] [TICKER] TPS: 7.575757575757575 | DELTA: 0.132
[4:04:54 PM] [LOG] [SaveSystem] Saving 586 entities
[4:05:54 PM] [LOG] [Command] restarver#1 issued command: g cube
[4:06:25 PM] [WARN] [TICKER] TPS: 7.462686567164178 | DELTA: 0.134
[4:06:46 PM] [LOG] [Command] restarver#1 issued command: g 1 211 500
[4:06:55 PM] [LOG] [DROP] restarver#1|1 x1 DIVING_MASK
[4:06:58 PM] [LOG] [DROP] restarver#1|1 x1 SUPER_DIVING_SUIT
[4:07:01 PM] [LOG] [DROP] restarver#1|1 x2 EMERALD_MACHINE
[4:07:11 PM] [LOG] [Command] restarver#1 issued command: g 1 210 500
[4:07:15 PM] [LOG] [DROP] restarver#1|1 x500 DRAGON_HEART
[4:07:38 PM] [LOG] [Command] restarver#1 issued command: g 1 200 500
[4:07:45 PM] [LOG] [Command] restarver#1 issued command: g 1 211 500
[4:07:51 PM] [LOG] [Command] restarver#1 issued command: g 1 201 500
[4:07:53 PM] [LOG] [Command] restarver#1 issued command: g 1 210 500
[4:07:59 PM] [LOG] [Command] restarver#1 issued command: g 1 201 500
[4:08:00 PM] [LOG] [DROP] restarver#1|1 x500 DRAGON_ORB
[4:08:02 PM] [LOG] [DROP] restarver#1|1 x500 DRAGON_HEART
[4:08:06 PM] [WARN] [TICKER] TPS: 8 | DELTA: 0.125
[4:08:19 PM] [LOG] [Command] restarver#1 issued command: g 1 199 1000
[4:09:18 PM] [WARN] [TICKER] TPS: 6.756756756756757 | DELTA: 0.148
[4:09:54 PM] [WARN] [TICKER] TPS: 9.615384615384615 | DELTA: 0.104
[4:10:28 PM] [WARN] [TICKER] TPS: 9.433962264150944 | DELTA: 0.106
[4:10:28 PM] [WARN] [TICKER] TPS: 9.090909090909092 | DELTA: 0.11
[4:10:30 PM] [WARN] [TICKER] TPS: 6.5359477124183005 | DELTA: 0.153
[4:10:54 PM] [WARN] [TICKER] TPS: 9.708737864077671 | DELTA: 0.103
[4:13:30 PM] [WARN] [TICKER] TPS: 5.4945054945054945 | DELTA: 0.182
[4:14:54 PM] [LOG] [SaveSystem] Saving 591 entities
[4:18:48 PM] [WARN] [TICKER] TPS: 7.142857142857142 | DELTA: 0.14
